Reading specs from /mnt/yantra/tools/bin/../lib/gcc/x86_64-pc-linux-gnu/9.2.0/specs
COLLECT_GCC=cc
COLLECT_LTO_WRAPPER=/mnt/yantra/tools/bin/../libexec/gcc/x86_64-pc-linux-gnu/9.2.0/lto-wrapper
Target: x86_64-pc-linux-gnu
Configured with: ../configure --prefix=/tools --with-local-prefix=/tools --with-native-system-header-dir=/tools/include --enable-languages=c,c++ --disable-libstdcxx-pch --disable-multilib --disable-bootstrap --disable-libgomp
Thread model: posix
gcc version 9.2.0 (GCC) 
COLLECT_GCC_OPTIONS='-v' '-mtune=generic' '-march=x86-64'
 /mnt/yantra/tools/bin/../libexec/gcc/x86_64-pc-linux-gnu/9.2.0/cc1 -quiet -v -iprefix /mnt/yantra/tools/bin/../lib/gcc/x86_64-pc-linux-gnu/9.2.0/ -isystem /usr/include dummy.c -quiet -dumpbase dummy.c -mtune=generic -march=x86-64 -auxbase dummy -version -o /tmp/cccTSKlB.s
GNU C17 (GCC) version 9.2.0 (x86_64-pc-linux-gnu)
	compiled by GNU C version 9.2.0, GMP version 6.1.2, MPFR version 4.0.2, MPC version 1.1.0, isl version none
GGC heuristics: --param ggc-min-expand=100 --param ggc-min-heapsize=131072
ignoring nonexistent directory "/mnt/yantra/tools/bin/../lib/gcc/x86_64-pc-linux-gnu/9.2.0/../../../../x86_64-pc-linux-gnu/include"
ignoring duplicate directory "/mnt/yantra/tools/bin/../lib/gcc/../../lib/gcc/x86_64-pc-linux-gnu/9.2.0/include"
ignoring duplicate directory "/mnt/yantra/tools/bin/../lib/gcc/../../lib/gcc/x86_64-pc-linux-gnu/9.2.0/include-fixed"
ignoring nonexistent directory "/mnt/yantra/tools/bin/../lib/gcc/../../lib/gcc/x86_64-pc-linux-gnu/9.2.0/../../../../x86_64-pc-linux-gnu/include"
ignoring duplicate directory "/tools/include"
#include "..." search starts here:
#include <...> search starts here:
 /usr/include
 /mnt/yantra/tools/bin/../lib/gcc/x86_64-pc-linux-gnu/9.2.0/include
 /mnt/yantra/tools/bin/../lib/gcc/x86_64-pc-linux-gnu/9.2.0/include-fixed
 /tools/include
End of search list.
GNU C17 (GCC) version 9.2.0 (x86_64-pc-linux-gnu)
	compiled by GNU C version 9.2.0, GMP version 6.1.2, MPFR version 4.0.2, MPC version 1.1.0, isl version none
GGC heuristics: --param ggc-min-expand=100 --param ggc-min-heapsize=131072
Compiler executable checksum: d16bcd201af43e58842dcb54c18a331f
COLLECT_GCC_OPTIONS='-v' '-mtune=generic' '-march=x86-64'
 /mnt/yantra/tools/bin/../lib/gcc/x86_64-pc-linux-gnu/9.2.0/../../../../x86_64-pc-linux-gnu/bin/as -v --64 -o /tmp/ccHVtbfy.o /tmp/cccTSKlB.s
GNU assembler version 2.32 (x86_64-pc-linux-gnu) using BFD version (GNU Binutils) 2.32
COMPILER_PATH=/mnt/yantra/tools/bin/../libexec/gcc/x86_64-pc-linux-gnu/9.2.0/:/mnt/yantra/tools/bin/../libexec/gcc/:/mnt/yantra/tools/bin/../lib/gcc/x86_64-pc-linux-gnu/9.2.0/../../../../x86_64-pc-linux-gnu/bin/
LIBRARY_PATH=/mnt/yantra/tools/bin/../lib/gcc/x86_64-pc-linux-gnu/9.2.0/:/mnt/yantra/tools/bin/../lib/gcc/:/mnt/yantra/tools/bin/../lib/gcc/x86_64-pc-linux-gnu/9.2.0/../../../../x86_64-pc-linux-gnu/lib/../lib/:/usr/lib/../lib/:/mnt/yantra/tools/bin/../lib/gcc/x86_64-pc-linux-gnu/9.2.0/../../../../x86_64-pc-linux-gnu/lib/:/usr/lib/
COLLECT_GCC_OPTIONS='-v' '-mtune=generic' '-march=x86-64'
 /mnt/yantra/tools/bin/../libexec/gcc/x86_64-pc-linux-gnu/9.2.0/collect2 -plugin /mnt/yantra/tools/bin/../libexec/gcc/x86_64-pc-linux-gnu/9.2.0/liblto_plugin.so -plugin-opt=/mnt/yantra/tools/bin/../libexec/gcc/x86_64-pc-linux-gnu/9.2.0/lto-wrapper -plugin-opt=-fresolution=/tmp/ccLW2GxB.res -plugin-opt=-pass-through=-lgcc -plugin-opt=-pass-through=-lgcc_s -plugin-opt=-pass-through=-lc -plugin-opt=-pass-through=-lgcc -plugin-opt=-pass-through=-lgcc_s --eh-frame-hdr -m elf_x86_64 -dynamic-linker /lib64/ld-linux-x86-64.so.2 crt1.o crti.o /mnt/yantra/tools/bin/../lib/gcc/x86_64-pc-linux-gnu/9.2.0/crtbegin.o -L/mnt/yantra/tools/bin/../lib/gcc/x86_64-pc-linux-gnu/9.2.0 -L/mnt/yantra/tools/bin/../lib/gcc -L/mnt/yantra/tools/bin/../lib/gcc/x86_64-pc-linux-gnu/9.2.0/../../../../x86_64-pc-linux-gnu/lib/../lib -L/usr/lib/../lib -L/mnt/yantra/tools/bin/../lib/gcc/x86_64-pc-linux-gnu/9.2.0/../../../../x86_64-pc-linux-gnu/lib /tmp/ccHVtbfy.o --verbose -lgcc --push-state --as-needed -lgcc_s --pop-state -lc -lgcc --push-state --as-needed -lgcc_s --pop-state /mnt/yantra/tools/bin/../lib/gcc/x86_64-pc-linux-gnu/9.2.0/crtend.o crtn.o
GNU ld (GNU Binutils for Ubuntu) 2.30
  Supported emulations:
   elf_x86_64
   elf32_x86_64
   elf_i386
   elf_iamcu
   i386linux
   elf_l1om
   elf_k1om
   i386pep
   i386pe
using internal linker script:
==================================================
/* Script for -z combreloc: combine and sort reloc sections */
/* Copyright (C) 2014-2018 Free Software Foundation, Inc.
   Copying and distribution of this script, with or without modification,
   are permitted in any medium without royalty provided the copyright
   notice and this notice are preserved.  */
OUTPUT_FORMAT("elf64-x86-64", "elf64-x86-64",
	      "elf64-x86-64")
OUTPUT_ARCH(i386:x86-64)
ENTRY(_start)
SEARCH_DIR("=/usr/local/lib/x86_64-linux-gnu"); SEARCH_DIR("=/lib/x86_64-linux-gnu"); SEARCH_DIR("=/usr/lib/x86_64-linux-gnu"); SEARCH_DIR("=/usr/lib/x86_64-linux-gnu64"); SEARCH_DIR("=/usr/local/lib64"); SEARCH_DIR("=/lib64"); SEARCH_DIR("=/usr/lib64"); SEARCH_DIR("=/usr/local/lib"); SEARCH_DIR("=/lib"); SEARCH_DIR("=/usr/lib"); SEARCH_DIR("=/usr/x86_64-linux-gnu/lib64"); SEARCH_DIR("=/usr/x86_64-linux-gnu/lib");
SECTIONS
{
  /* Read-only sections, merged into text segment: */
  PROVIDE (__executable_start = SEGMENT_START("text-segment", 0x400000)); . = SEGMENT_START("text-segment", 0x400000) + SIZEOF_HEADERS;
  .interp         : { *(.interp) }
  .note.gnu.build-id : { *(.note.gnu.build-id) }
  .hash           : { *(.hash) }
  .gnu.hash       : { *(.gnu.hash) }
  .dynsym         : { *(.dynsym) }
  .dynstr         : { *(.dynstr) }
  .gnu.version    : { *(.gnu.version) }
  .gnu.version_d  : { *(.gnu.version_d) }
  .gnu.version_r  : { *(.gnu.version_r) }
  .rela.dyn       :
    {
      *(.rela.init)
      *(.rela.text .rela.text.* .rela.gnu.linkonce.t.*)
      *(.rela.fini)
      *(.rela.rodata .rela.rodata.* .rela.gnu.linkonce.r.*)
      *(.rela.data .rela.data.* .rela.gnu.linkonce.d.*)
      *(.rela.tdata .rela.tdata.* .rela.gnu.linkonce.td.*)
      *(.rela.tbss .rela.tbss.* .rela.gnu.linkonce.tb.*)
      *(.rela.ctors)
      *(.rela.dtors)
      *(.rela.got)
      *(.rela.bss .rela.bss.* .rela.gnu.linkonce.b.*)
      *(.rela.ldata .rela.ldata.* .rela.gnu.linkonce.l.*)
      *(.rela.lbss .rela.lbss.* .rela.gnu.linkonce.lb.*)
      *(.rela.lrodata .rela.lrodata.* .rela.gnu.linkonce.lr.*)
      *(.rela.ifunc)
    }
  .rela.plt       :
    {
      *(.rela.plt)
      PROVIDE_HIDDEN (__rela_iplt_start = .);
      *(.rela.iplt)
      PROVIDE_HIDDEN (__rela_iplt_end = .);
    }
  .init           :
  {
    KEEP (*(SORT_NONE(.init)))
  }
  .plt            : { *(.plt) *(.iplt) }
.plt.got        : { *(.plt.got) }
.plt.sec        : { *(.plt.sec) }
  .text           :
  {
    *(.text.unlikely .text.*_unlikely .text.unlikely.*)
    *(.text.exit .text.exit.*)
    *(.text.startup .text.startup.*)
    *(.text.hot .text.hot.*)
    *(.text .stub .text.* .gnu.linkonce.t.*)
    /* .gnu.warning sections are handled specially by elf32.em.  */
    *(.gnu.warning)
  }
  .fini           :
  {
    KEEP (*(SORT_NONE(.fini)))
  }
  PROVIDE (__etext = .);
  PROVIDE (_etext = .);
  PROVIDE (etext = .);
  .rodata         : { *(.rodata .rodata.* .gnu.linkonce.r.*) }
  .rodata1        : { *(.rodata1) }
  .eh_frame_hdr : { *(.eh_frame_hdr) *(.eh_frame_entry .eh_frame_entry.*) }
  .eh_frame       : ONLY_IF_RO { KEEP (*(.eh_frame)) *(.eh_frame.*) }
  .gcc_except_table   : ONLY_IF_RO { *(.gcc_except_table
  .gcc_except_table.*) }
  .gnu_extab   : ONLY_IF_RO { *(.gnu_extab*) }
  /* These sections are generated by the Sun/Oracle C++ compiler.  */
  .exception_ranges   : ONLY_IF_RO { *(.exception_ranges
  .exception_ranges*) }
  /* Adjust the address for the data segment.  We want to adjust up to
     the same address within the page on the next page up.  */
  . = DATA_SEGMENT_ALIGN (CONSTANT (MAXPAGESIZE), CONSTANT (COMMONPAGESIZE));
  /* Exception handling  */
  .eh_frame       : ONLY_IF_RW { KEEP (*(.eh_frame)) *(.eh_frame.*) }
  .gnu_extab      : ONLY_IF_RW { *(.gnu_extab) }
  .gcc_except_table   : ONLY_IF_RW { *(.gcc_except_table .gcc_except_table.*) }
  .exception_ranges   : ONLY_IF_RW { *(.exception_ranges .exception_ranges*) }
  /* Thread Local Storage sections  */
  .tdata	  : { *(.tdata .tdata.* .gnu.linkonce.td.*) }
  .tbss		  : { *(.tbss .tbss.* .gnu.linkonce.tb.*) *(.tcommon) }
  .preinit_array     :
  {
    PROVIDE_HIDDEN (__preinit_array_start = .);
    KEEP (*(.preinit_array))
    PROVIDE_HIDDEN (__preinit_array_end = .);
  }
  .init_array     :
  {
    PROVIDE_HIDDEN (__init_array_start = .);
    KEEP (*(SORT_BY_INIT_PRIORITY(.init_array.*) SORT_BY_INIT_PRIORITY(.ctors.*)))
    KEEP (*(.init_array EXCLUDE_FILE (*crtbegin.o *crtbegin?.o *crtend.o *crtend?.o ) .ctors))
    PROVIDE_HIDDEN (__init_array_end = .);
  }
  .fini_array     :
  {
    PROVIDE_HIDDEN (__fini_array_start = .);
    KEEP (*(SORT_BY_INIT_PRIORITY(.fini_array.*) SORT_BY_INIT_PRIORITY(.dtors.*)))
    KEEP (*(.fini_array EXCLUDE_FILE (*crtbegin.o *crtbegin?.o *crtend.o *crtend?.o ) .dtors))
    PROVIDE_HIDDEN (__fini_array_end = .);
  }
  .ctors          :
  {
    /* gcc uses crtbegin.o to find the start of
       the constructors, so we make sure it is
       first.  Because this is a wildcard, it
       doesn't matter if the user does not
       actually link against crtbegin.o; the
       linker won't look for a file to match a
       wildcard.  The wildcard also means that it
       doesn't matter which directory crtbegin.o
       is in.  */
    KEEP (*crtbegin.o(.ctors))
    KEEP (*crtbegin?.o(.ctors))
    /* We don't want to include the .ctor section from
       the crtend.o file until after the sorted ctors.
       The .ctor section from the crtend file contains the
       end of ctors marker and it must be last */
    KEEP (*(EXCLUDE_FILE (*crtend.o *crtend?.o ) .ctors))
    KEEP (*(SORT(.ctors.*)))
    KEEP (*(.ctors))
  }
  .dtors          :
  {
    KEEP (*crtbegin.o(.dtors))
    KEEP (*crtbegin?.o(.dtors))
    KEEP (*(EXCLUDE_FILE (*crtend.o *crtend?.o ) .dtors))
    KEEP (*(SORT(.dtors.*)))
    KEEP (*(.dtors))
  }
  .jcr            : { KEEP (*(.jcr)) }
  .data.rel.ro : { *(.data.rel.ro.local* .gnu.linkonce.d.rel.ro.local.*) *(.data.rel.ro .data.rel.ro.* .gnu.linkonce.d.rel.ro.*) }
  .dynamic        : { *(.dynamic) }
  .got            : { *(.got) *(.igot) }
  . = DATA_SEGMENT_RELRO_END (SIZEOF (.got.plt) >= 24 ? 24 : 0, .);
  .got.plt        : { *(.got.plt)  *(.igot.plt) }
  .data           :
  {
    *(.data .data.* .gnu.linkonce.d.*)
    SORT(CONSTRUCTORS)
  }
  .data1          : { *(.data1) }
  _edata = .; PROVIDE (edata = .);
  . = .;
  __bss_start = .;
  .bss            :
  {
   *(.dynbss)
   *(.bss .bss.* .gnu.linkonce.b.*)
   *(COMMON)
   /* Align here to ensure that the .bss section occupies space up to
      _end.  Align after .bss to ensure correct alignment even if the
      .bss section disappears because there are no input sections.
      FIXME: Why do we need it? When there is no .bss section, we don't
      pad the .data section.  */
   . = ALIGN(. != 0 ? 64 / 8 : 1);
  }
  .lbss   :
  {
    *(.dynlbss)
    *(.lbss .lbss.* .gnu.linkonce.lb.*)
    *(LARGE_COMMON)
  }
  . = ALIGN(64 / 8);
  . = SEGMENT_START("ldata-segment", .);
  .lrodata   ALIGN(CONSTANT (MAXPAGESIZE)) + (. & (CONSTANT (MAXPAGESIZE) - 1)) :
  {
    *(.lrodata .lrodata.* .gnu.linkonce.lr.*)
  }
  .ldata   ALIGN(CONSTANT (MAXPAGESIZE)) + (. & (CONSTANT (MAXPAGESIZE) - 1)) :
  {
    *(.ldata .ldata.* .gnu.linkonce.l.*)
    . = ALIGN(. != 0 ? 64 / 8 : 1);
  }
  . = ALIGN(64 / 8);
  _end = .; PROVIDE (end = .);
  . = DATA_SEGMENT_END (.);
  /* Stabs debugging sections.  */
  .stab          0 : { *(.stab) }
  .stabstr       0 : { *(.stabstr) }
  .stab.excl     0 : { *(.stab.excl) }
  .stab.exclstr  0 : { *(.stab.exclstr) }
  .stab.index    0 : { *(.stab.index) }
  .stab.indexstr 0 : { *(.stab.indexstr) }
  .comment       0 : { *(.comment) }
  /* DWARF debug sections.
     Symbols in the DWARF debugging sections are relative to the beginning
     of the section so we begin them at 0.  */
  /* DWARF 1 */
  .debug          0 : { *(.debug) }
  .line           0 : { *(.line) }
  /* GNU DWARF 1 extensions */
  .debug_srcinfo  0 : { *(.debug_srcinfo) }
  .debug_sfnames  0 : { *(.debug_sfnames) }
  /* DWARF 1.1 and DWARF 2 */
  .debug_aranges  0 : { *(.debug_aranges) }
  .debug_pubnames 0 : { *(.debug_pubnames) }
  /* DWARF 2 */
  .debug_info     0 : { *(.debug_info .gnu.linkonce.wi.*) }
  .debug_abbrev   0 : { *(.debug_abbrev) }
  .debug_line     0 : { *(.debug_line .debug_line.* .debug_line_end ) }
  .debug_frame    0 : { *(.debug_frame) }
  .debug_str      0 : { *(.debug_str) }
  .debug_loc      0 : { *(.debug_loc) }
  .debug_macinfo  0 : { *(.debug_macinfo) }
  /* SGI/MIPS DWARF 2 extensions */
  .debug_weaknames 0 : { *(.debug_weaknames) }
  .debug_funcnames 0 : { *(.debug_funcnames) }
  .debug_typenames 0 : { *(.debug_typenames) }
  .debug_varnames  0 : { *(.debug_varnames) }
  /* DWARF 3 */
  .debug_pubtypes 0 : { *(.debug_pubtypes) }
  .debug_ranges   0 : { *(.debug_ranges) }
  /* DWARF Extension.  */
  .debug_macro    0 : { *(.debug_macro) }
  .debug_addr     0 : { *(.debug_addr) }
  .gnu.attributes 0 : { KEEP (*(.gnu.attributes)) }
  /DISCARD/ : { *(.note.GNU-stack) *(.gnu_debuglink) *(.gnu.lto_*) }
}


==================================================
attempt to open crt1.o failed
attempt to open crti.o failed
attempt to open /mnt/yantra/tools/bin/../lib/gcc/x86_64-pc-linux-gnu/9.2.0/crtbegin.o succeeded
/mnt/yantra/tools/bin/../lib/gcc/x86_64-pc-linux-gnu/9.2.0/crtbegin.o
attempt to open /tmp/ccHVtbfy.o succeeded
/tmp/ccHVtbfy.o
attempt to open /mnt/yantra/tools/bin/../lib/gcc/x86_64-pc-linux-gnu/9.2.0/libgcc.so failed
attempt to open /mnt/yantra/tools/bin/../lib/gcc/x86_64-pc-linux-gnu/9.2.0/libgcc.a succeeded
attempt to open /mnt/yantra/tools/bin/../lib/gcc/x86_64-pc-linux-gnu/9.2.0/libgcc_s.so failed
attempt to open /mnt/yantra/tools/bin/../lib/gcc/x86_64-pc-linux-gnu/9.2.0/libgcc_s.a failed
attempt to open /mnt/yantra/tools/bin/../lib/gcc/libgcc_s.so failed
attempt to open /mnt/yantra/tools/bin/../lib/gcc/libgcc_s.a failed
attempt to open /mnt/yantra/tools/bin/../lib/gcc/x86_64-pc-linux-gnu/9.2.0/../../../../x86_64-pc-linux-gnu/lib/../lib/libgcc_s.so failed
attempt to open /mnt/yantra/tools/bin/../lib/gcc/x86_64-pc-linux-gnu/9.2.0/../../../../x86_64-pc-linux-gnu/lib/../lib/libgcc_s.a failed
attempt to open /usr/lib/../lib/libgcc_s.so failed
attempt to open /usr/lib/../lib/libgcc_s.a failed
attempt to open /mnt/yantra/tools/bin/../lib/gcc/x86_64-pc-linux-gnu/9.2.0/../../../../x86_64-pc-linux-gnu/lib/libgcc_s.so failed
attempt to open /mnt/yantra/tools/bin/../lib/gcc/x86_64-pc-linux-gnu/9.2.0/../../../../x86_64-pc-linux-gnu/lib/libgcc_s.a failed
attempt to open //usr/local/lib/x86_64-linux-gnu/libgcc_s.so failed
attempt to open //usr/local/lib/x86_64-linux-gnu/libgcc_s.a failed
attempt to open //lib/x86_64-linux-gnu/libgcc_s.so failed
attempt to open //lib/x86_64-linux-gnu/libgcc_s.a failed
attempt to open //usr/lib/x86_64-linux-gnu/libgcc_s.so failed
attempt to open //usr/lib/x86_64-linux-gnu/libgcc_s.a failed
attempt to open //usr/lib/x86_64-linux-gnu64/libgcc_s.so failed
attempt to open //usr/lib/x86_64-linux-gnu64/libgcc_s.a failed
attempt to open //usr/local/lib64/libgcc_s.so failed
attempt to open //usr/local/lib64/libgcc_s.a failed
attempt to open //lib64/libgcc_s.so failed
attempt to open //lib64/libgcc_s.a failed
attempt to open //usr/lib64/libgcc_s.so failed
attempt to open //usr/lib64/libgcc_s.a failed
attempt to open //usr/local/lib/libgcc_s.so failed
attempt to open //usr/local/lib/libgcc_s.a failed
attempt to open //lib/libgcc_s.so failed
attempt to open //lib/libgcc_s.a failed
attempt to open //usr/lib/libgcc_s.so failed
attempt to open //usr/lib/libgcc_s.a failed
attempt to open //usr/x86_64-linux-gnu/lib64/libgcc_s.so failed
attempt to open //usr/x86_64-linux-gnu/lib64/libgcc_s.a failed
attempt to open //usr/x86_64-linux-gnu/lib/libgcc_s.so failed
attempt to open //usr/x86_64-linux-gnu/lib/libgcc_s.a failed
attempt to open /mnt/yantra/tools/bin/../lib/gcc/x86_64-pc-linux-gnu/9.2.0/libc.so failed
attempt to open /mnt/yantra/tools/bin/../lib/gcc/x86_64-pc-linux-gnu/9.2.0/libc.a failed
attempt to open /mnt/yantra/tools/bin/../lib/gcc/libc.so failed
attempt to open /mnt/yantra/tools/bin/../lib/gcc/libc.a failed
attempt to open /mnt/yantra/tools/bin/../lib/gcc/x86_64-pc-linux-gnu/9.2.0/../../../../x86_64-pc-linux-gnu/lib/../lib/libc.so failed
attempt to open /mnt/yantra/tools/bin/../lib/gcc/x86_64-pc-linux-gnu/9.2.0/../../../../x86_64-pc-linux-gnu/lib/../lib/libc.a failed
attempt to open /usr/lib/../lib/libc.so failed
attempt to open /usr/lib/../lib/libc.a failed
attempt to open /mnt/yantra/tools/bin/../lib/gcc/x86_64-pc-linux-gnu/9.2.0/../../../../x86_64-pc-linux-gnu/lib/libc.so failed
attempt to open /mnt/yantra/tools/bin/../lib/gcc/x86_64-pc-linux-gnu/9.2.0/../../../../x86_64-pc-linux-gnu/lib/libc.a failed
attempt to open //usr/local/lib/x86_64-linux-gnu/libc.so failed
attempt to open //usr/local/lib/x86_64-linux-gnu/libc.a failed
attempt to open //lib/x86_64-linux-gnu/libc.so failed
attempt to open //lib/x86_64-linux-gnu/libc.a failed
attempt to open //usr/lib/x86_64-linux-gnu/libc.so succeeded
opened script file //usr/lib/x86_64-linux-gnu/libc.so
opened script file //usr/lib/x86_64-linux-gnu/libc.so
attempt to open /lib/x86_64-linux-gnu/libc.so.6 succeeded
/lib/x86_64-linux-gnu/libc.so.6
attempt to open /usr/lib/x86_64-linux-gnu/libc_nonshared.a succeeded
attempt to open /lib/x86_64-linux-gnu/ld-linux-x86-64.so.2 succeeded
/lib/x86_64-linux-gnu/ld-linux-x86-64.so.2/usr/bin/ld: cannot find crt1.o: No such file or directory
/usr/bin/ld: cannot find crti.o: No such file or directory
/usr/bin/ld: /mnt/yantra/tools/bin/../lib/gcc/x86_64-pc-linux-gnu/9.2.0/libgcc.a(_muldi3.o): unable to initialize decompress status for section .debug_info
/usr/bin/ld: /mnt/yantra/tools/bin/../lib/gcc/x86_64-pc-linux-gnu/9.2.0/libgcc.a(_muldi3.o): unable to initialize decompress status for section .debug_info
/usr/bin/ld: cannot find -lgcc_s
collect2: error: ld returned 1 exit status

